<?xml version="1.0" encoding="UTF-8"?>
<!-- Generated by org.testng.reporters.JUnitReportReporter -->
<testsuite hostname="SAMAIRA" failures="0" tests="3" name="testCases.CheckOutPage1_Test" time="32.567" errors="0" timestamp="2023-12-08T20:52:43 IST" skipped="0">
  <testcase classname="testCases.CheckOutPage1_Test" name="verifytitleofcheckoutpage1" time="8.526"/>
  <system-out>
    <![CDATA[Title of checkoutpage1 =Checkout: Your Information]]>
  </system-out>
  <testcase classname="testCases.CheckOutPage1_Test" name="verifyURLofcheckoutpage1" time="9.449"/>
  <system-out>
    <![CDATA[URL of checkoutpage1=https://www.saucedemo.com/checkout-step-one.html]]>
  </system-out>
  <testcase classname="testCases.CheckOutPage1_Test" name="inputinformation" time="14.592"/>
  <system-out>
    <![CDATA[URL of checkout page 2 =https://www.saucedemo.com/checkout-step-two.html]]>
  </system-out>
</testsuite> <!-- testCases.CheckOutPage1_Test -->
