<?xml version="1.0" encoding="UTF-8"?>
<!-- Generated by org.testng.reporters.JUnitReportReporter -->
<testsuite hostname="SAMAIRA" failures="0" tests="1" name="testCases.LoginPageTest" time="8.968" errors="0" timestamp="2023-12-13T14:54:03 IST" skipped="0">
  <testcase classname="testCases.LoginPageTest" name="LoginToApplication" time="8.968"/>
  <system-out/>
</testsuite> <!-- testCases.LoginPageTest -->
